<?xml version="1.0" encoding="UTF-8"?>
<robot generator="Robot 7.0.1 (Python 3.10.12 on linux)" generated="2024-06-21T16:21:43.475244" rpa="false" schemaversion="5">
<suite id="s1" name="Login" source="/home/karina/Projetos/RobotFramework/RobotFramework/auto/tests/login.robot">
<test id="s1-t1" name="Cenário 1: Fazer login com sucesso" line="13">
<kw name="Abrir Navegador" owner="global" type="SETUP">
<kw name="Open Browser" owner="SeleniumLibrary">
<msg time="2024-06-21T16:21:43.791529" level="INFO">Opening browser 'Chrome' to base url 'https://www.saucedemo.com/v1/'.</msg>
<arg>${URL}</arg>
<arg>${BROWSER}</arg>
<doc>Opens a new browser instance to the optional ``url``.</doc>
<status status="PASS" start="2024-06-21T16:21:43.791249" elapsed="0.614102"/>
</kw>
<kw name="Maximize Browser Window" owner="SeleniumLibrary">
<doc>Maximizes current browser window.</doc>
<status status="PASS" start="2024-06-21T16:21:44.405587" elapsed="0.038750"/>
</kw>
<status status="PASS" start="2024-06-21T16:21:43.790161" elapsed="0.654318"/>
</kw>
<kw name="Dado que estou na tela de login" owner="kw_login">
<kw name="Wait Until Element Is Visible" owner="SeleniumLibrary">
<arg>${login.botao_login}</arg>
<arg>10s</arg>
<doc>Waits until the element ``locator`` is visible.</doc>
<status status="PASS" start="2024-06-21T16:21:44.445162" elapsed="0.016311"/>
</kw>
<status status="PASS" start="2024-06-21T16:21:44.444749" elapsed="0.016873"/>
</kw>
<kw name="Quando preencho os campos username e password corretamente" owner="kw_login">
<kw name="Quando preencho o campo username" owner="kw_login">
<if>
<branch type="IF" condition="'${status}' == 'inválido'">
<kw name="Input Text" owner="SeleniumLibrary">
<arg>${login.campo_username}</arg>
<arg>admin</arg>
<doc>Types the given ``text`` into the text field identified by ``locator``.</doc>
<status status="NOT RUN" start="2024-06-21T16:21:44.462681" elapsed="0.000038"/>
</kw>
<status status="NOT RUN" start="2024-06-21T16:21:44.462456" elapsed="0.000320"/>
</branch>
<branch type="ELSE">
<kw name="Input Text" owner="SeleniumLibrary">
<msg time="2024-06-21T16:21:44.463505" level="INFO">Typing text 'standard_user' into text field '//input[@id='user-name']'.</msg>
<arg>${login.campo_username}</arg>
<arg>${USERNAME}</arg>
<doc>Types the given ``text`` into the text field identified by ``locator``.</doc>
<status status="PASS" start="2024-06-21T16:21:44.462958" elapsed="0.061764"/>
</kw>
<status status="PASS" start="2024-06-21T16:21:44.462819" elapsed="0.062005"/>
</branch>
<status status="PASS" start="2024-06-21T16:21:44.462435" elapsed="0.062433"/>
</if>
<arg>válido</arg>
<status status="PASS" start="2024-06-21T16:21:44.462231" elapsed="0.062699"/>
</kw>
<kw name="E preencho o campo password" owner="kw_login">
<if>
<branch type="IF" condition="'${status}' == 'inválido'">
<kw name="Input Text" owner="SeleniumLibrary">
<arg>${login.campo_passwd}</arg>
<arg>1234</arg>
<doc>Types the given ``text`` into the text field identified by ``locator``.</doc>
<status status="NOT RUN" start="2024-06-21T16:21:44.525624" elapsed="0.000037"/>
</kw>
<status status="NOT RUN" start="2024-06-21T16:21:44.525414" elapsed="0.000301"/>
</branch>
<branch type="ELSE">
<kw name="Input Text" owner="SeleniumLibrary">
<msg time="2024-06-21T16:21:44.526358" level="INFO">Typing text 'secret_sauce' into text field '//input[@id='password']'.</msg>
<arg>${login.campo_passwd}</arg>
<arg>${PASSWORD}</arg>
<doc>Types the given ``text`` into the text field identified by ``locator``.</doc>
<status status="PASS" start="2024-06-21T16:21:44.525862" elapsed="0.042627"/>
</kw>
<status status="PASS" start="2024-06-21T16:21:44.525752" elapsed="0.042838"/>
</branch>
<status status="PASS" start="2024-06-21T16:21:44.525398" elapsed="0.043237"/>
</if>
<arg>válido</arg>
<status status="PASS" start="2024-06-21T16:21:44.525167" elapsed="0.043527"/>
</kw>
<kw name="Click Button" owner="SeleniumLibrary">
<msg time="2024-06-21T16:21:44.569365" level="INFO">Clicking button '//*[@id="login-button"]'.</msg>
<arg>${login.botao_login}</arg>
<doc>Clicks the button identified by ``locator``.</doc>
<status status="PASS" start="2024-06-21T16:21:44.568867" elapsed="0.458997"/>
</kw>
<status status="PASS" start="2024-06-21T16:21:44.461874" elapsed="0.566135"/>
</kw>
<kw name="Então serei direcionado para a tela de dashboard" owner="kw_login">
<kw name="Run Keyword And Return Status" owner="BuiltIn">
<kw name="Wait Until Element Is Visible" owner="SeleniumLibrary">
<arg>${home.inventory_filter}</arg>
<arg>10s</arg>
<doc>Waits until the element ``locator`` is visible.</doc>
<status status="PASS" start="2024-06-21T16:21:45.028835" elapsed="0.013241"/>
</kw>
<msg time="2024-06-21T16:21:45.042279" level="INFO">${status} = True</msg>
<var>${status}</var>
<arg>Wait Until Element Is Visible</arg>
<arg>${home.inventory_filter}</arg>
<arg>10s</arg>
<doc>Runs the given keyword with given arguments and returns the status as a Boolean value.</doc>
<status status="PASS" start="2024-06-21T16:21:45.028640" elapsed="0.013673"/>
</kw>
<if>
<branch type="IF" condition="${status}">
<kw name="Log" owner="BuiltIn">
<msg time="2024-06-21T16:21:45.042920" level="INFO">Usuário logado com sucesso</msg>
<arg>Usuário logado com sucesso</arg>
<doc>Logs the given message with the given level.</doc>
<status status="PASS" start="2024-06-21T16:21:45.042728" elapsed="0.000253"/>
</kw>
<status status="PASS" start="2024-06-21T16:21:45.042445" elapsed="0.000621"/>
</branch>
<branch type="ELSE">
<kw name="Fail" owner="BuiltIn">
<arg>Usuário não foi logado</arg>
<doc>Fails the test with the given message and optionally alters its tags.</doc>
<status status="NOT RUN" start="2024-06-21T16:21:45.043340" elapsed="0.000056"/>
</kw>
<status status="NOT RUN" start="2024-06-21T16:21:45.043138" elapsed="0.000335"/>
</branch>
<status status="PASS" start="2024-06-21T16:21:45.042416" elapsed="0.001121"/>
</if>
<status status="PASS" start="2024-06-21T16:21:45.028324" elapsed="0.015291"/>
</kw>
<kw name="Fechar Navegador" owner="global" type="TEARDOWN">
<kw name="Close Browser" owner="SeleniumLibrary">
<doc>Closes the current browser.</doc>
<status status="PASS" start="2024-06-21T16:21:45.044206" elapsed="0.056885"/>
</kw>
<status status="PASS" start="2024-06-21T16:21:45.043915" elapsed="0.057306"/>
</kw>
<doc>Validar tela de login com sucesso</doc>
<tag>login_sucesso</tag>
<status status="PASS" start="2024-06-21T16:21:43.789581" elapsed="1.311747"/>
</test>
<test id="s1-t2" name="Cenário 2: Fazer login com usuários inválido" line="20">
<kw name="Abrir Navegador" owner="global" type="SETUP">
<kw name="Open Browser" owner="SeleniumLibrary">
<msg time="2024-06-21T16:21:45.102624" level="INFO">Opening browser 'Chrome' to base url 'https://www.saucedemo.com/v1/'.</msg>
<arg>${URL}</arg>
<arg>${BROWSER}</arg>
<doc>Opens a new browser instance to the optional ``url``.</doc>
<status status="PASS" start="2024-06-21T16:21:45.102403" elapsed="0.580218"/>
</kw>
<kw name="Maximize Browser Window" owner="SeleniumLibrary">
<doc>Maximizes current browser window.</doc>
<status status="PASS" start="2024-06-21T16:21:45.682857" elapsed="0.030820"/>
</kw>
<status status="PASS" start="2024-06-21T16:21:45.102101" elapsed="0.611714"/>
</kw>
<kw name="Dado que estou na tela de login" owner="kw_login">
<kw name="Wait Until Element Is Visible" owner="SeleniumLibrary">
<arg>${login.botao_login}</arg>
<arg>10s</arg>
<doc>Waits until the element ``locator`` is visible.</doc>
<status status="PASS" start="2024-06-21T16:21:45.714422" elapsed="0.014841"/>
</kw>
<status status="PASS" start="2024-06-21T16:21:45.714093" elapsed="0.015322"/>
</kw>
<kw name="Quando preencho o campo username" owner="kw_login">
<if>
<branch type="IF" condition="'${status}' == 'inválido'">
<kw name="Input Text" owner="SeleniumLibrary">
<msg time="2024-06-21T16:21:45.730740" level="INFO">Typing text 'admin' into text field '//input[@id='user-name']'.</msg>
<arg>${login.campo_username}</arg>
<arg>admin</arg>
<doc>Types the given ``text`` into the text field identified by ``locator``.</doc>
<status status="PASS" start="2024-06-21T16:21:45.730266" elapsed="0.060273"/>
</kw>
<status status="PASS" start="2024-06-21T16:21:45.730024" elapsed="0.060616"/>
</branch>
<branch type="ELSE">
<kw name="Input Text" owner="SeleniumLibrary">
<arg>${login.campo_username}</arg>
<arg>${USERNAME}</arg>
<doc>Types the given ``text`` into the text field identified by ``locator``.</doc>
<status status="NOT RUN" start="2024-06-21T16:21:45.790922" elapsed="0.000040"/>
</kw>
<status status="NOT RUN" start="2024-06-21T16:21:45.790731" elapsed="0.000285"/>
</branch>
<status status="PASS" start="2024-06-21T16:21:45.730003" elapsed="0.061051"/>
</if>
<arg>inválido</arg>
<status status="PASS" start="2024-06-21T16:21:45.729733" elapsed="0.061380"/>
</kw>
<kw name="E preencho o campo password" owner="kw_login">
<if>
<branch type="IF" condition="'${status}' == 'inválido'">
<kw name="Input Text" owner="SeleniumLibrary">
<arg>${login.campo_passwd}</arg>
<arg>1234</arg>
<doc>Types the given ``text`` into the text field identified by ``locator``.</doc>
<status status="NOT RUN" start="2024-06-21T16:21:45.791810" elapsed="0.000037"/>
</kw>
<status status="NOT RUN" start="2024-06-21T16:21:45.791615" elapsed="0.000286"/>
</branch>
<branch type="ELSE">
<kw name="Input Text" owner="SeleniumLibrary">
<msg time="2024-06-21T16:21:45.792538" level="INFO">Typing text 'secret_sauce' into text field '//input[@id='password']'.</msg>
<arg>${login.campo_passwd}</arg>
<arg>${PASSWORD}</arg>
<doc>Types the given ``text`` into the text field identified by ``locator``.</doc>
<status status="PASS" start="2024-06-21T16:21:45.792054" elapsed="0.043681"/>
</kw>
<status status="PASS" start="2024-06-21T16:21:45.791942" elapsed="0.043897"/>
</branch>
<status status="PASS" start="2024-06-21T16:21:45.791598" elapsed="0.044287"/>
</if>
<arg>válido</arg>
<status status="PASS" start="2024-06-21T16:21:45.791367" elapsed="0.044578"/>
</kw>
<kw name="Então deve apresentar o alerta de erro &quot;Epic sadface: Username and password do not match any user in this service&quot;" owner="kw_login" source_name="Então deve apresentar o alerta de erro &quot;${mensagem}&quot;">
<kw name="Click Button" owner="SeleniumLibrary">
<msg time="2024-06-21T16:21:45.837017" level="INFO">Clicking button '//*[@id="login-button"]'.</msg>
<arg>${login.botao_login}</arg>
<doc>Clicks the button identified by ``locator``.</doc>
<status status="PASS" start="2024-06-21T16:21:45.836544" elapsed="0.033043"/>
</kw>
<kw name="Wait Until Element Is Visible" owner="SeleniumLibrary">
<arg>${login.msg_erro}</arg>
<arg>10s</arg>
<doc>Waits until the element ``locator`` is visible.</doc>
<status status="PASS" start="2024-06-21T16:21:45.869894" elapsed="0.013287"/>
</kw>
<kw name="Get Text" owner="SeleniumLibrary">
<msg time="2024-06-21T16:21:45.897266" level="INFO">${msg} = Epic sadface: Username and password do not match any user in this service</msg>
<var>${msg}</var>
<arg>${login.msg_erro}</arg>
<doc>Returns the text value of the element identified by ``locator``.</doc>
<status status="PASS" start="2024-06-21T16:21:45.883474" elapsed="0.013854"/>
</kw>
<kw name="Should Be Equal" owner="BuiltIn">
<arg>'${mensagem}'</arg>
<arg>'${msg}'</arg>
<doc>Fails if the given objects are unequal.</doc>
<status status="PASS" start="2024-06-21T16:21:45.897596" elapsed="0.000343"/>
</kw>
<status status="PASS" start="2024-06-21T16:21:45.836214" elapsed="0.061869"/>
</kw>
<kw name="Fechar Navegador" owner="global" type="TEARDOWN">
<kw name="Close Browser" owner="SeleniumLibrary">
<doc>Closes the current browser.</doc>
<status status="PASS" start="2024-06-21T16:21:45.898848" elapsed="0.059000"/>
</kw>
<status status="PASS" start="2024-06-21T16:21:45.898481" elapsed="0.059569"/>
</kw>
<doc>Validar tela de login informando usuário inválido</doc>
<tag>login_invalido</tag>
<tag>user_invalido</tag>
<status status="PASS" start="2024-06-21T16:21:45.101634" elapsed="0.856565"/>
</test>
<test id="s1-t3" name="Cenário 3: Fazer login com senha inválida" line="28">
<kw name="Abrir Navegador" owner="global" type="SETUP">
<kw name="Open Browser" owner="SeleniumLibrary">
<msg time="2024-06-21T16:21:45.960041" level="INFO">Opening browser 'Chrome' to base url 'https://www.saucedemo.com/v1/'.</msg>
<arg>${URL}</arg>
<arg>${BROWSER}</arg>
<doc>Opens a new browser instance to the optional ``url``.</doc>
<status status="PASS" start="2024-06-21T16:21:45.959711" elapsed="0.580033"/>
</kw>
<kw name="Maximize Browser Window" owner="SeleniumLibrary">
<doc>Maximizes current browser window.</doc>
<status status="PASS" start="2024-06-21T16:21:46.540076" elapsed="0.036118"/>
</kw>
<status status="PASS" start="2024-06-21T16:21:45.959287" elapsed="0.617126"/>
</kw>
<kw name="Dado que estou na tela de login" owner="kw_login">
<kw name="Wait Until Element Is Visible" owner="SeleniumLibrary">
<arg>${login.botao_login}</arg>
<arg>10s</arg>
<doc>Waits until the element ``locator`` is visible.</doc>
<status status="PASS" start="2024-06-21T16:21:46.577101" elapsed="0.014072"/>
</kw>
<status status="PASS" start="2024-06-21T16:21:46.576710" elapsed="0.014596"/>
</kw>
<kw name="Quando preencho o campo username" owner="kw_login">
<if>
<branch type="IF" condition="'${status}' == 'inválido'">
<kw name="Input Text" owner="SeleniumLibrary">
<arg>${login.campo_username}</arg>
<arg>admin</arg>
<doc>Types the given ``text`` into the text field identified by ``locator``.</doc>
<status status="NOT RUN" start="2024-06-21T16:21:46.592053" elapsed="0.000037"/>
</kw>
<status status="NOT RUN" start="2024-06-21T16:21:46.591840" elapsed="0.000304"/>
</branch>
<branch type="ELSE">
<kw name="Input Text" owner="SeleniumLibrary">
<msg time="2024-06-21T16:21:46.592772" level="INFO">Typing text 'standard_user' into text field '//input[@id='user-name']'.</msg>
<arg>${login.campo_username}</arg>
<arg>${USERNAME}</arg>
<doc>Types the given ``text`` into the text field identified by ``locator``.</doc>
<status status="PASS" start="2024-06-21T16:21:46.592292" elapsed="0.063638"/>
</kw>
<status status="PASS" start="2024-06-21T16:21:46.592186" elapsed="0.063844"/>
</branch>
<status status="PASS" start="2024-06-21T16:21:46.591820" elapsed="0.064255"/>
</if>
<arg>válido</arg>
<status status="PASS" start="2024-06-21T16:21:46.591585" elapsed="0.064550"/>
</kw>
<kw name="E preencho o campo password" owner="kw_login">
<if>
<branch type="IF" condition="'${status}' == 'inválido'">
<kw name="Input Text" owner="SeleniumLibrary">
<msg time="2024-06-21T16:21:46.657476" level="INFO">Typing text '1234' into text field '//input[@id='password']'.</msg>
<arg>${login.campo_passwd}</arg>
<arg>1234</arg>
<doc>Types the given ``text`` into the text field identified by ``locator``.</doc>
<status status="PASS" start="2024-06-21T16:21:46.656875" elapsed="0.040316"/>
</kw>
<status status="PASS" start="2024-06-21T16:21:46.656663" elapsed="0.040629"/>
</branch>
<branch type="ELSE">
<kw name="Input Text" owner="SeleniumLibrary">
<arg>${login.campo_passwd}</arg>
<arg>${PASSWORD}</arg>
<doc>Types the given ``text`` into the text field identified by ``locator``.</doc>
<status status="NOT RUN" start="2024-06-21T16:21:46.697515" elapsed="0.000038"/>
</kw>
<status status="NOT RUN" start="2024-06-21T16:21:46.697342" elapsed="0.000265"/>
</branch>
<status status="PASS" start="2024-06-21T16:21:46.656645" elapsed="0.040999"/>
</if>
<arg>inválido</arg>
<status status="PASS" start="2024-06-21T16:21:46.656414" elapsed="0.041287"/>
</kw>
<kw name="Então deve apresentar o alerta de erro &quot;Epic sadface: Username and password do not match any user in this service&quot;" owner="kw_login" source_name="Então deve apresentar o alerta de erro &quot;${mensagem}&quot;">
<kw name="Click Button" owner="SeleniumLibrary">
<msg time="2024-06-21T16:21:46.698703" level="INFO">Clicking button '//*[@id="login-button"]'.</msg>
<arg>${login.botao_login}</arg>
<doc>Clicks the button identified by ``locator``.</doc>
<status status="PASS" start="2024-06-21T16:21:46.698240" elapsed="0.031209"/>
</kw>
<kw name="Wait Until Element Is Visible" owner="SeleniumLibrary">
<arg>${login.msg_erro}</arg>
<arg>10s</arg>
<doc>Waits until the element ``locator`` is visible.</doc>
<status status="PASS" start="2024-06-21T16:21:46.729756" elapsed="0.013989"/>
</kw>
<kw name="Get Text" owner="SeleniumLibrary">
<msg time="2024-06-21T16:21:46.758971" level="INFO">${msg} = Epic sadface: Username and password do not match any user in this service</msg>
<var>${msg}</var>
<arg>${login.msg_erro}</arg>
<doc>Returns the text value of the element identified by ``locator``.</doc>
<status status="PASS" start="2024-06-21T16:21:46.744100" elapsed="0.014917"/>
</kw>
<kw name="Should Be Equal" owner="BuiltIn">
<arg>'${mensagem}'</arg>
<arg>'${msg}'</arg>
<doc>Fails if the given objects are unequal.</doc>
<status status="PASS" start="2024-06-21T16:21:46.759258" elapsed="0.000273"/>
</kw>
<status status="PASS" start="2024-06-21T16:21:46.697937" elapsed="0.061689"/>
</kw>
<kw name="Fechar Navegador" owner="global" type="TEARDOWN">
<kw name="Close Browser" owner="SeleniumLibrary">
<doc>Closes the current browser.</doc>
<status status="PASS" start="2024-06-21T16:21:46.760183" elapsed="0.056839"/>
</kw>
<status status="PASS" start="2024-06-21T16:21:46.759901" elapsed="0.057248"/>
</kw>
<doc>Validar tela de login informando senha inválida</doc>
<tag>login_invalido</tag>
<tag>senha_invalida</tag>
<status status="PASS" start="2024-06-21T16:21:45.958628" elapsed="0.858619"/>
</test>
<doc>Validar tela de login</doc>
<status status="PASS" start="2024-06-21T16:21:43.475894" elapsed="3.341781"/>
</suite>
<statistics>
<total>
<stat pass="3" fail="0" skip="0">All Tests</stat>
</total>
<tag>
<stat pass="2" fail="0" skip="0">login_invalido</stat>
<stat pass="1" fail="0" skip="0">login_sucesso</stat>
<stat pass="1" fail="0" skip="0">senha_invalida</stat>
<stat pass="1" fail="0" skip="0">user_invalido</stat>
</tag>
<suite>
<stat pass="3" fail="0" skip="0" id="s1" name="Login">Login</stat>
</suite>
</statistics>
<errors>
</errors>
</robot>
