<?xml version="1.0" encoding="UTF-8"?>
<robot generator="Robot 7.0.1 (Python 3.10.12 on linux)" generated="2024-06-21T16:31:58.790990" rpa="false" schemaversion="5">
<suite id="s1" name="Login" source="/home/karina/Projetos/RobotFramework/RobotFramework/auto/tests/login.robot">
<test id="s1-t1" name="Cenário 1: Fazer login com sucesso" line="13">
<kw name="Abrir Navegador" owner="global" type="SETUP">
<kw name="Open Browser" owner="SeleniumLibrary">
<msg time="2024-06-21T16:31:59.109779" level="INFO">Opening browser 'Chrome' to base url 'https://www.saucedemo.com/v1/'.</msg>
<arg>${URL}</arg>
<arg>${BROWSER}</arg>
<doc>Opens a new browser instance to the optional ``url``.</doc>
<status status="PASS" start="2024-06-21T16:31:59.109552" elapsed="0.614679"/>
</kw>
<kw name="Maximize Browser Window" owner="SeleniumLibrary">
<doc>Maximizes current browser window.</doc>
<status status="PASS" start="2024-06-21T16:31:59.724480" elapsed="0.032236"/>
</kw>
<status status="PASS" start="2024-06-21T16:31:59.108037" elapsed="0.648809"/>
</kw>
<kw name="Dado que estou na tela de login" owner="kw_login">
<kw name="Wait Until Element Is Visible" owner="SeleniumLibrary">
<arg>${login.botao_login}</arg>
<arg>10s</arg>
<doc>Waits until the element ``locator`` is visible.</doc>
<status status="PASS" start="2024-06-21T16:31:59.757386" elapsed="0.014208"/>
</kw>
<status status="PASS" start="2024-06-21T16:31:59.757091" elapsed="0.014642"/>
</kw>
<kw name="Quando preencho os campos username e password corretamente" owner="kw_login">
<kw name="Quando preencho o campo username" owner="kw_login">
<if>
<branch type="IF" condition="'${status}' == 'inválido'">
<kw name="Input Text" owner="SeleniumLibrary">
<arg>${login.campo_username}</arg>
<arg>admin</arg>
<doc>Types the given ``text`` into the text field identified by ``locator``.</doc>
<status status="NOT RUN" start="2024-06-21T16:31:59.773046" elapsed="0.000040"/>
</kw>
<status status="NOT RUN" start="2024-06-21T16:31:59.772798" elapsed="0.000348"/>
</branch>
<branch type="ELSE">
<kw name="Input Text" owner="SeleniumLibrary">
<msg time="2024-06-21T16:31:59.773816" level="INFO">Typing text 'standard_user' into text field '//input[@id='user-name']'.</msg>
<arg>${login.campo_username}</arg>
<arg>${USERNAME}</arg>
<doc>Types the given ``text`` into the text field identified by ``locator``.</doc>
<status status="PASS" start="2024-06-21T16:31:59.773311" elapsed="0.064771"/>
</kw>
<status status="PASS" start="2024-06-21T16:31:59.773193" elapsed="0.064991"/>
</branch>
<status status="PASS" start="2024-06-21T16:31:59.772773" elapsed="0.065457"/>
</if>
<arg>válido</arg>
<status status="PASS" start="2024-06-21T16:31:59.772533" elapsed="0.065760"/>
</kw>
<kw name="E preencho o campo password" owner="kw_login">
<if>
<branch type="IF" condition="'${status}' == 'inválido'">
<kw name="Input Text" owner="SeleniumLibrary">
<arg>${login.campo_passwd}</arg>
<arg>1234</arg>
<doc>Types the given ``text`` into the text field identified by ``locator``.</doc>
<status status="NOT RUN" start="2024-06-21T16:31:59.838995" elapsed="0.000038"/>
</kw>
<status status="NOT RUN" start="2024-06-21T16:31:59.838778" elapsed="0.000309"/>
</branch>
<branch type="ELSE">
<kw name="Input Text" owner="SeleniumLibrary">
<msg time="2024-06-21T16:31:59.839720" level="INFO">Typing text 'secret_sauce' into text field '//input[@id='password']'.</msg>
<arg>${login.campo_passwd}</arg>
<arg>${PASSWORD}</arg>
<doc>Types the given ``text`` into the text field identified by ``locator``.</doc>
<status status="PASS" start="2024-06-21T16:31:59.839236" elapsed="0.042652"/>
</kw>
<status status="PASS" start="2024-06-21T16:31:59.839126" elapsed="0.042861"/>
</branch>
<status status="PASS" start="2024-06-21T16:31:59.838760" elapsed="0.043278"/>
</if>
<arg>válido</arg>
<status status="PASS" start="2024-06-21T16:31:59.838529" elapsed="0.043573"/>
</kw>
<kw name="Click Button" owner="SeleniumLibrary">
<msg time="2024-06-21T16:31:59.882779" level="INFO">Clicking button '//*[@id="login-button"]'.</msg>
<arg>${login.botao_login}</arg>
<doc>Clicks the button identified by ``locator``.</doc>
<status status="PASS" start="2024-06-21T16:31:59.882274" elapsed="0.460691"/>
</kw>
<status status="PASS" start="2024-06-21T16:31:59.772034" elapsed="0.571063"/>
</kw>
<kw name="Então serei direcionado para a tela de dashboard" owner="kw_login">
<kw name="Run Keyword And Return Status" owner="BuiltIn">
<kw name="Wait Until Element Is Visible" owner="SeleniumLibrary">
<arg>${home.inventory_filter}</arg>
<arg>10s</arg>
<doc>Waits until the element ``locator`` is visible.</doc>
<status status="PASS" start="2024-06-21T16:32:00.343900" elapsed="0.013823"/>
</kw>
<msg time="2024-06-21T16:32:00.357919" level="INFO">${status} = True</msg>
<var>${status}</var>
<arg>Wait Until Element Is Visible</arg>
<arg>${home.inventory_filter}</arg>
<arg>10s</arg>
<doc>Runs the given keyword with given arguments and returns the status as a Boolean value.</doc>
<status status="PASS" start="2024-06-21T16:32:00.343708" elapsed="0.014243"/>
</kw>
<if>
<branch type="IF" condition="${status}">
<kw name="Log" owner="BuiltIn">
<msg time="2024-06-21T16:32:00.358425" level="INFO">Usuário logado com sucesso</msg>
<arg>Usuário logado com sucesso</arg>
<doc>Logs the given message with the given level.</doc>
<status status="PASS" start="2024-06-21T16:32:00.358286" elapsed="0.000186"/>
</kw>
<status status="PASS" start="2024-06-21T16:32:00.358076" elapsed="0.000449"/>
</branch>
<branch type="ELSE">
<kw name="Fail" owner="BuiltIn">
<arg>Usuário não foi logado</arg>
<doc>Fails the test with the given message and optionally alters its tags.</doc>
<status status="NOT RUN" start="2024-06-21T16:32:00.358684" elapsed="0.000033"/>
</kw>
<status status="NOT RUN" start="2024-06-21T16:32:00.358567" elapsed="0.000197"/>
</branch>
<status status="PASS" start="2024-06-21T16:32:00.358053" elapsed="0.000747"/>
</if>
<status status="PASS" start="2024-06-21T16:32:00.343400" elapsed="0.015450"/>
</kw>
<kw name="Fechar Navegador" owner="global" type="TEARDOWN">
<kw name="Close Browser" owner="SeleniumLibrary">
<doc>Closes the current browser.</doc>
<status status="PASS" start="2024-06-21T16:32:00.359388" elapsed="0.057037"/>
</kw>
<status status="PASS" start="2024-06-21T16:32:00.359109" elapsed="0.057449"/>
</kw>
<doc>Validar tela de login com sucesso</doc>
<tag>login_sucesso</tag>
<status status="PASS" start="2024-06-21T16:31:59.107389" elapsed="1.309270"/>
</test>
<test id="s1-t2" name="Cenário 2: Fazer login com usuários inválido" line="20">
<kw name="Abrir Navegador" owner="global" type="SETUP">
<kw name="Open Browser" owner="SeleniumLibrary">
<msg time="2024-06-21T16:32:00.417884" level="INFO">Opening browser 'Chrome' to base url 'https://www.saucedemo.com/v1/'.</msg>
<arg>${URL}</arg>
<arg>${BROWSER}</arg>
<doc>Opens a new browser instance to the optional ``url``.</doc>
<status status="PASS" start="2024-06-21T16:32:00.417665" elapsed="0.567212"/>
</kw>
<kw name="Maximize Browser Window" owner="SeleniumLibrary">
<doc>Maximizes current browser window.</doc>
<status status="PASS" start="2024-06-21T16:32:00.985133" elapsed="0.033197"/>
</kw>
<status status="PASS" start="2024-06-21T16:32:00.417378" elapsed="0.601080"/>
</kw>
<kw name="Dado que estou na tela de login" owner="kw_login">
<kw name="Wait Until Element Is Visible" owner="SeleniumLibrary">
<arg>${login.botao_login}</arg>
<arg>10s</arg>
<doc>Waits until the element ``locator`` is visible.</doc>
<status status="PASS" start="2024-06-21T16:32:01.019174" elapsed="0.014846"/>
</kw>
<status status="PASS" start="2024-06-21T16:32:01.018748" elapsed="0.015416"/>
</kw>
<kw name="Quando preencho o campo username" owner="kw_login">
<if>
<branch type="IF" condition="'${status}' == 'inválido'">
<kw name="Input Text" owner="SeleniumLibrary">
<msg time="2024-06-21T16:32:01.035641" level="INFO">Typing text 'admin' into text field '//input[@id='user-name']'.</msg>
<arg>${login.campo_username}</arg>
<arg>admin</arg>
<doc>Types the given ``text`` into the text field identified by ``locator``.</doc>
<status status="PASS" start="2024-06-21T16:32:01.034947" elapsed="0.060398"/>
</kw>
<status status="PASS" start="2024-06-21T16:32:01.034689" elapsed="0.060757"/>
</branch>
<branch type="ELSE">
<kw name="Input Text" owner="SeleniumLibrary">
<arg>${login.campo_username}</arg>
<arg>${USERNAME}</arg>
<doc>Types the given ``text`` into the text field identified by ``locator``.</doc>
<status status="NOT RUN" start="2024-06-21T16:32:01.095725" elapsed="0.000039"/>
</kw>
<status status="NOT RUN" start="2024-06-21T16:32:01.095539" elapsed="0.000280"/>
</branch>
<status status="PASS" start="2024-06-21T16:32:01.034669" elapsed="0.061187"/>
</if>
<arg>inválido</arg>
<status status="PASS" start="2024-06-21T16:32:01.034437" elapsed="0.061480"/>
</kw>
<kw name="E preencho o campo password" owner="kw_login">
<if>
<branch type="IF" condition="'${status}' == 'inválido'">
<kw name="Input Text" owner="SeleniumLibrary">
<arg>${login.campo_passwd}</arg>
<arg>1234</arg>
<doc>Types the given ``text`` into the text field identified by ``locator``.</doc>
<status status="NOT RUN" start="2024-06-21T16:32:01.096641" elapsed="0.000037"/>
</kw>
<status status="NOT RUN" start="2024-06-21T16:32:01.096425" elapsed="0.000306"/>
</branch>
<branch type="ELSE">
<kw name="Input Text" owner="SeleniumLibrary">
<msg time="2024-06-21T16:32:01.097363" level="INFO">Typing text 'secret_sauce' into text field '//input[@id='password']'.</msg>
<arg>${login.campo_passwd}</arg>
<arg>${PASSWORD}</arg>
<doc>Types the given ``text`` into the text field identified by ``locator``.</doc>
<status status="PASS" start="2024-06-21T16:32:01.096879" elapsed="0.044775"/>
</kw>
<status status="PASS" start="2024-06-21T16:32:01.096769" elapsed="0.044988"/>
</branch>
<status status="PASS" start="2024-06-21T16:32:01.096408" elapsed="0.045395"/>
</if>
<arg>válido</arg>
<status status="PASS" start="2024-06-21T16:32:01.096180" elapsed="0.045682"/>
</kw>
<kw name="Então deve apresentar o alerta de erro &quot;Epic sadface: Username and password do not match any user in this service&quot;" owner="kw_login" source_name="Então deve apresentar o alerta de erro &quot;${mensagem}&quot;">
<kw name="Click Button" owner="SeleniumLibrary">
<msg time="2024-06-21T16:32:01.142932" level="INFO">Clicking button '//*[@id="login-button"]'.</msg>
<arg>${login.botao_login}</arg>
<doc>Clicks the button identified by ``locator``.</doc>
<status status="PASS" start="2024-06-21T16:32:01.142465" elapsed="0.031436"/>
</kw>
<kw name="Wait Until Element Is Visible" owner="SeleniumLibrary">
<arg>${login.msg_erro}</arg>
<arg>10s</arg>
<doc>Waits until the element ``locator`` is visible.</doc>
<status status="PASS" start="2024-06-21T16:32:01.174137" elapsed="0.013153"/>
</kw>
<kw name="Get Text" owner="SeleniumLibrary">
<msg time="2024-06-21T16:32:01.200786" level="INFO">${msg} = Epic sadface: Username and password do not match any user in this service</msg>
<var>${msg}</var>
<arg>${login.msg_erro}</arg>
<doc>Returns the text value of the element identified by ``locator``.</doc>
<status status="PASS" start="2024-06-21T16:32:01.187517" elapsed="0.013317"/>
</kw>
<kw name="Should Be Equal" owner="BuiltIn">
<arg>'${mensagem}'</arg>
<arg>'${msg}'</arg>
<doc>Fails if the given objects are unequal.</doc>
<status status="PASS" start="2024-06-21T16:32:01.201039" elapsed="0.000287"/>
</kw>
<status status="PASS" start="2024-06-21T16:32:01.142141" elapsed="0.059313"/>
</kw>
<kw name="Fechar Navegador" owner="global" type="TEARDOWN">
<kw name="Close Browser" owner="SeleniumLibrary">
<doc>Closes the current browser.</doc>
<status status="PASS" start="2024-06-21T16:32:01.202287" elapsed="0.056305"/>
</kw>
<status status="PASS" start="2024-06-21T16:32:01.201833" elapsed="0.056898"/>
</kw>
<doc>Validar tela de login informando usuário inválido</doc>
<tag>login_invalido</tag>
<tag>user_invalido</tag>
<status status="PASS" start="2024-06-21T16:32:00.416935" elapsed="0.841905"/>
</test>
<test id="s1-t3" name="Cenário 3: Fazer login com senha inválida" line="28">
<kw name="Abrir Navegador" owner="global" type="SETUP">
<kw name="Open Browser" owner="SeleniumLibrary">
<msg time="2024-06-21T16:32:01.260025" level="INFO">Opening browser 'Chrome' to base url 'https://www.saucedemo.com/v1/'.</msg>
<arg>${URL}</arg>
<arg>${BROWSER}</arg>
<doc>Opens a new browser instance to the optional ``url``.</doc>
<status status="PASS" start="2024-06-21T16:32:01.259815" elapsed="0.590468"/>
</kw>
<kw name="Maximize Browser Window" owner="SeleniumLibrary">
<doc>Maximizes current browser window.</doc>
<status status="PASS" start="2024-06-21T16:32:01.850508" elapsed="0.038597"/>
</kw>
<status status="PASS" start="2024-06-21T16:32:01.259548" elapsed="0.629701"/>
</kw>
<kw name="Dado que estou na tela de login" owner="kw_login">
<kw name="Wait Until Element Is Visible" owner="SeleniumLibrary">
<arg>${login.botao_login}</arg>
<arg>10s</arg>
<doc>Waits until the element ``locator`` is visible.</doc>
<status status="PASS" start="2024-06-21T16:32:01.889810" elapsed="0.014615"/>
</kw>
<status status="PASS" start="2024-06-21T16:32:01.889517" elapsed="0.015053"/>
</kw>
<kw name="Quando preencho o campo username" owner="kw_login">
<if>
<branch type="IF" condition="'${status}' == 'inválido'">
<kw name="Input Text" owner="SeleniumLibrary">
<arg>${login.campo_username}</arg>
<arg>admin</arg>
<doc>Types the given ``text`` into the text field identified by ``locator``.</doc>
<status status="NOT RUN" start="2024-06-21T16:32:01.905468" elapsed="0.000059"/>
</kw>
<status status="NOT RUN" start="2024-06-21T16:32:01.905167" elapsed="0.000439"/>
</branch>
<branch type="ELSE">
<kw name="Input Text" owner="SeleniumLibrary">
<msg time="2024-06-21T16:32:01.906287" level="INFO">Typing text 'standard_user' into text field '//input[@id='user-name']'.</msg>
<arg>${login.campo_username}</arg>
<arg>${USERNAME}</arg>
<doc>Types the given ``text`` into the text field identified by ``locator``.</doc>
<status status="PASS" start="2024-06-21T16:32:01.905768" elapsed="0.064939"/>
</kw>
<status status="PASS" start="2024-06-21T16:32:01.905651" elapsed="0.065156"/>
</branch>
<status status="PASS" start="2024-06-21T16:32:01.905145" elapsed="0.065705"/>
</if>
<arg>válido</arg>
<status status="PASS" start="2024-06-21T16:32:01.904892" elapsed="0.066017"/>
</kw>
<kw name="E preencho o campo password" owner="kw_login">
<if>
<branch type="IF" condition="'${status}' == 'inválido'">
<kw name="Input Text" owner="SeleniumLibrary">
<msg time="2024-06-21T16:32:01.972247" level="INFO">Typing text '1234' into text field '//input[@id='password']'.</msg>
<arg>${login.campo_passwd}</arg>
<arg>1234</arg>
<doc>Types the given ``text`` into the text field identified by ``locator``.</doc>
<status status="PASS" start="2024-06-21T16:32:01.971646" elapsed="0.039723"/>
</kw>
<status status="PASS" start="2024-06-21T16:32:01.971438" elapsed="0.040061"/>
</branch>
<branch type="ELSE">
<kw name="Input Text" owner="SeleniumLibrary">
<arg>${login.campo_passwd}</arg>
<arg>${PASSWORD}</arg>
<doc>Types the given ``text`` into the text field identified by ``locator``.</doc>
<status status="NOT RUN" start="2024-06-21T16:32:02.011794" elapsed="0.000051"/>
</kw>
<status status="NOT RUN" start="2024-06-21T16:32:02.011570" elapsed="0.000353"/>
</branch>
<status status="PASS" start="2024-06-21T16:32:01.971421" elapsed="0.040553"/>
</if>
<arg>inválido</arg>
<status status="PASS" start="2024-06-21T16:32:01.971188" elapsed="0.040860"/>
</kw>
<kw name="Então deve apresentar o alerta de erro &quot;Epic sadface: Username and password do not match any user in this service&quot;" owner="kw_login" source_name="Então deve apresentar o alerta de erro &quot;${mensagem}&quot;">
<kw name="Click Button" owner="SeleniumLibrary">
<msg time="2024-06-21T16:32:02.013661" level="INFO">Clicking button '//*[@id="login-button"]'.</msg>
<arg>${login.botao_login}</arg>
<doc>Clicks the button identified by ``locator``.</doc>
<status status="PASS" start="2024-06-21T16:32:02.012753" elapsed="0.032583"/>
</kw>
<kw name="Wait Until Element Is Visible" owner="SeleniumLibrary">
<arg>${login.msg_erro}</arg>
<arg>10s</arg>
<doc>Waits until the element ``locator`` is visible.</doc>
<status status="PASS" start="2024-06-21T16:32:02.045641" elapsed="0.014183"/>
</kw>
<kw name="Get Text" owner="SeleniumLibrary">
<msg time="2024-06-21T16:32:02.073678" level="INFO">${msg} = Epic sadface: Username and password do not match any user in this service</msg>
<var>${msg}</var>
<arg>${login.msg_erro}</arg>
<doc>Returns the text value of the element identified by ``locator``.</doc>
<status status="PASS" start="2024-06-21T16:32:02.060144" elapsed="0.013581"/>
</kw>
<kw name="Should Be Equal" owner="BuiltIn">
<arg>'${mensagem}'</arg>
<arg>'${msg}'</arg>
<doc>Fails if the given objects are unequal.</doc>
<status status="PASS" start="2024-06-21T16:32:02.073925" elapsed="0.000296"/>
</kw>
<status status="PASS" start="2024-06-21T16:32:02.012362" elapsed="0.061945"/>
</kw>
<kw name="Fechar Navegador" owner="global" type="TEARDOWN">
<kw name="Close Browser" owner="SeleniumLibrary">
<doc>Closes the current browser.</doc>
<status status="PASS" start="2024-06-21T16:32:02.074839" elapsed="0.056097"/>
</kw>
<status status="PASS" start="2024-06-21T16:32:02.074578" elapsed="0.056487"/>
</kw>
<doc>Validar tela de login informando senha inválida</doc>
<tag>login_invalido</tag>
<tag>senha_invalida</tag>
<status status="PASS" start="2024-06-21T16:32:01.259103" elapsed="0.872060"/>
</test>
<test id="s1-t4" name="Cenário 4: Fazer login com senha inválida" line="37">
<kw name="Abrir Navegador" owner="global" type="SETUP">
<kw name="Open Browser" owner="SeleniumLibrary">
<msg time="2024-06-21T16:32:02.132358" level="INFO">Opening browser 'Chrome' to base url 'https://www.saucedemo.com/v1/'.</msg>
<arg>${URL}</arg>
<arg>${BROWSER}</arg>
<doc>Opens a new browser instance to the optional ``url``.</doc>
<status status="PASS" start="2024-06-21T16:32:02.132140" elapsed="0.683518"/>
</kw>
<kw name="Maximize Browser Window" owner="SeleniumLibrary">
<doc>Maximizes current browser window.</doc>
<status status="PASS" start="2024-06-21T16:32:02.815938" elapsed="0.034864"/>
</kw>
<status status="PASS" start="2024-06-21T16:32:02.131865" elapsed="0.719065"/>
</kw>
<kw name="Dado que estou na tela de login" owner="kw_login">
<kw name="Wait Until Element Is Visible" owner="SeleniumLibrary">
<arg>${login.botao_login}</arg>
<arg>10s</arg>
<doc>Waits until the element ``locator`` is visible.</doc>
<status status="PASS" start="2024-06-21T16:32:02.851494" elapsed="0.013370"/>
</kw>
<status status="PASS" start="2024-06-21T16:32:02.851177" elapsed="0.013851"/>
</kw>
<kw name="Quando preencho o campo username com &quot;locked_out_user&quot;" owner="kw_login" source_name="Quando preencho o campo username com &quot;${locked_user}&quot;">
<kw name="Input Text" owner="SeleniumLibrary">
<msg time="2024-06-21T16:32:02.866083" level="INFO">Typing text 'locked_out_user' into text field '//input[@id='user-name']'.</msg>
<arg>${login.campo_username}</arg>
<arg>${locked_user}</arg>
<doc>Types the given ``text`` into the text field identified by ``locator``.</doc>
<status status="PASS" start="2024-06-21T16:32:02.865582" elapsed="0.064720"/>
</kw>
<status status="PASS" start="2024-06-21T16:32:02.865271" elapsed="0.065165"/>
</kw>
<kw name="E preencho o campo password" owner="kw_login">
<if>
<branch type="IF" condition="'${status}' == 'inválido'">
<kw name="Input Text" owner="SeleniumLibrary">
<arg>${login.campo_passwd}</arg>
<arg>1234</arg>
<doc>Types the given ``text`` into the text field identified by ``locator``.</doc>
<status status="NOT RUN" start="2024-06-21T16:32:02.931243" elapsed="0.000037"/>
</kw>
<status status="NOT RUN" start="2024-06-21T16:32:02.931019" elapsed="0.000317"/>
</branch>
<branch type="ELSE">
<kw name="Input Text" owner="SeleniumLibrary">
<msg time="2024-06-21T16:32:02.931977" level="INFO">Typing text 'secret_sauce' into text field '//input[@id='password']'.</msg>
<arg>${login.campo_passwd}</arg>
<arg>${PASSWORD}</arg>
<doc>Types the given ``text`` into the text field identified by ``locator``.</doc>
<status status="PASS" start="2024-06-21T16:32:02.931489" elapsed="0.043943"/>
</kw>
<status status="PASS" start="2024-06-21T16:32:02.931378" elapsed="0.044156"/>
</branch>
<status status="PASS" start="2024-06-21T16:32:02.930997" elapsed="0.044583"/>
</if>
<arg>válido</arg>
<status status="PASS" start="2024-06-21T16:32:02.930751" elapsed="0.044888"/>
</kw>
<kw name="Então deve apresentar o alerta de erro &quot;Epic sadface: Sorry, this user has been locked out.&quot;" owner="kw_login" source_name="Então deve apresentar o alerta de erro &quot;${mensagem}&quot;">
<kw name="Click Button" owner="SeleniumLibrary">
<msg time="2024-06-21T16:32:02.976763" level="INFO">Clicking button '//*[@id="login-button"]'.</msg>
<arg>${login.botao_login}</arg>
<doc>Clicks the button identified by ``locator``.</doc>
<status status="PASS" start="2024-06-21T16:32:02.976299" elapsed="0.031803"/>
</kw>
<kw name="Wait Until Element Is Visible" owner="SeleniumLibrary">
<arg>${login.msg_erro}</arg>
<arg>10s</arg>
<doc>Waits until the element ``locator`` is visible.</doc>
<status status="PASS" start="2024-06-21T16:32:03.008329" elapsed="0.012637"/>
</kw>
<kw name="Get Text" owner="SeleniumLibrary">
<msg time="2024-06-21T16:32:03.034774" level="INFO">${msg} = Epic sadface: Sorry, this user has been locked out.</msg>
<var>${msg}</var>
<arg>${login.msg_erro}</arg>
<doc>Returns the text value of the element identified by ``locator``.</doc>
<status status="PASS" start="2024-06-21T16:32:03.021191" elapsed="0.013630"/>
</kw>
<kw name="Should Be Equal" owner="BuiltIn">
<arg>'${mensagem}'</arg>
<arg>'${msg}'</arg>
<doc>Fails if the given objects are unequal.</doc>
<status status="PASS" start="2024-06-21T16:32:03.035049" elapsed="0.000316"/>
</kw>
<status status="PASS" start="2024-06-21T16:32:02.975989" elapsed="0.059477"/>
</kw>
<kw name="Fechar Navegador" owner="global" type="TEARDOWN">
<kw name="Close Browser" owner="SeleniumLibrary">
<doc>Closes the current browser.</doc>
<status status="PASS" start="2024-06-21T16:32:03.036003" elapsed="0.056415"/>
</kw>
<status status="PASS" start="2024-06-21T16:32:03.035735" elapsed="0.056805"/>
</kw>
<doc>Validar tela de login informando senha inválida</doc>
<tag>login_invalido</tag>
<tag>senha_invalida</tag>
<status status="PASS" start="2024-06-21T16:32:02.131435" elapsed="0.961202"/>
</test>
<doc>Validar tela de login</doc>
<status status="PASS" start="2024-06-21T16:31:58.791662" elapsed="4.301431"/>
</suite>
<statistics>
<total>
<stat pass="4" fail="0" skip="0">All Tests</stat>
</total>
<tag>
<stat pass="3" fail="0" skip="0">login_invalido</stat>
<stat pass="1" fail="0" skip="0">login_sucesso</stat>
<stat pass="2" fail="0" skip="0">senha_invalida</stat>
<stat pass="1" fail="0" skip="0">user_invalido</stat>
</tag>
<suite>
<stat pass="4" fail="0" skip="0" id="s1" name="Login">Login</stat>
</suite>
</statistics>
<errors>
</errors>
</robot>
